<?xml version="1.0" encoding="UTF-8"?>
<testsuite name="leetcode.TwoSumTest" tests="3" skipped="0" failures="0" errors="0" timestamp="2022-09-26T12:18:56" hostname="XVM52KP6GV" time="0.003">
  <properties/>
  <testcase name="shouldReturnExpectedIndexes" classname="leetcode.TwoSumTest" time="0.002"/>
  <testcase name="shouldReturnExpectedIndexesForSomeNegativeValues" classname="leetcode.TwoSumTest" time="0.001"/>
  <testcase name="shouldReturnExpectedIndexesForAllNegativeValues" classname="leetcode.TwoSumTest" time="0.0"/>
  <system-out><![CDATA[]]></system-out>
  <system-err><![CDATA[]]></system-err>
</testsuite>
